<?xml version="1.0" encoding="UTF-8"?>
<testng-results total="1" passed="1" failed="0" skipped="0">
  <reporter-output>
  </reporter-output>
  <suite started-at="2024-03-13T10:07:21Z" name="Default suite" finished-at="2024-03-13T10:07:32Z" duration-ms="10374">
    <groups>
    </groups>
    <test started-at="2024-03-13T10:07:21Z" name="Default test" finished-at="2024-03-13T10:07:32Z" duration-ms="10374">
      <class name="org.hrms.testscripts.TC_002">
        <test-method signature="meth()[pri:0, instance:org.hrms.testscripts.TC_002@65c7a252]" started-at="2024-03-13T15:37:21Z" name="meth" finished-at="2024-03-13T15:37:32Z" duration-ms="10344" status="PASS">
          <reporter-output>
          </reporter-output>
        </test-method> <!-- meth -->
      </class> <!-- org.hrms.testscripts.TC_002 -->
    </test> <!-- Default test -->
  </suite> <!-- Default suite -->
</testng-results>
